-------------------------------------------------------------------------------
Test set: com.restaurante.amm.amimaneracapadominiomodel.AppTest
-------------------------------------------------------------------------------
<<<<<<< HEAD
Tests run: 1, Failures: 0, Errors: 0, Skipped: 0, Time elapsed: 0.110 s -- in com.restaurante.amm.amimaneracapadominiomodel.AppTest
=======
<<<<<<< HEAD
Tests run: 1, Failures: 0, Errors: 0, Skipped: 0, Time elapsed: 0.088 s -- in com.restaurante.amm.amimaneracapadominiomodel.AppTest
=======
Tests run: 1, Failures: 0, Errors: 0, Skipped: 0, Time elapsed: 0.034 s -- in com.restaurante.amm.amimaneracapadominiomodel.AppTest
>>>>>>> 59f7577212eacd587c2c6aed424bbbde84d6948a
>>>>>>> origin/main
